<?xml version="1.0" encoding="UTF-8" ?>
<testsuite tests="5" failures="0" name="NeuBDProyectoSIIEjbTest.TestLeerCSV" time="32.589" errors="0" skipped="4">
  <properties>
[...]
</properties>
  <testcase classname="NeuBDProyectoSIIEjbTest.TestLeerCSV" name="TestLeerCSVOptativa" time="7.89">
    <skipped/>
    <system-out>PlainTextActionReporterSUCCESSNo monitoring data to report.
JdbcRuntimeExtension,  getAllSystemRAResourcesAndPools = [GlassFishConfigBean.org.glassfish.jdbc.config.JdbcResource, GlassFishConfigBean.org.glassfish.jdbc.config.JdbcResource, GlassFishConfigBean.org.glassfish.jdbc.config.JdbcResource, GlassFishConfigBean.org.glassfish.jdbc.config.JdbcConnectionPool, GlassFishConfigBean.org.glassfish.jdbc.config.JdbcConnectionPool, GlassFishConfigBean.org.glassfish.jdbc.config.JdbcConnectionPool]
JdbcRuntimeExtension,  getAllSystemRAResourcesAndPools = [GlassFishConfigBean.org.glassfish.jdbc.config.JdbcResource, GlassFishConfigBean.org.glassfish.jdbc.config.JdbcResource, GlassFishConfigBean.org.glassfish.jdbc.config.JdbcResource, GlassFishConfigBean.org.glassfish.jdbc.config.JdbcConnectionPool, GlassFishConfigBean.org.glassfish.jdbc.config.JdbcConnectionPool, GlassFishConfigBean.org.glassfish.jdbc.config.JdbcConnectionPool]
</system-out>
    <system-err>may 20, 2021 6:40:26 AM org.eclipse.persistence.session./file:/tmp/gfembed5617811663929360066tmp/applications/classes/_ProyectoSII.connection
INFORMACIÓN: /file:/tmp/gfembed5617811663929360066tmp/applications/classes/_ProyectoSII logout successful
may 20, 2021 6:40:26 AM com.sun.enterprise.connectors.service.ConnectorResourceAdminServiceImpl deleteConnectorResource
GRAVE: RAR7133: Unable to remove resource [ java:jboss/datasources/sii ] from jndi
may 20, 2021 6:40:26 AM com.sun.enterprise.connectors.service.ConnectorResourceAdminServiceImpl deleteConnectorResource
GRAVE: 
com.sun.appserv.connectors.internal.api.ConnectorRuntimeException: Failed to delete connector resource from jndi
	at com.sun.enterprise.connectors.service.ConnectorResourceAdminServiceImpl.deleteConnectorResource(ConnectorResourceAdminServiceImpl.java:157)
	at com.sun.enterprise.connectors.ConnectorRuntime.deleteConnectorResource(ConnectorRuntime.java:356)
	at org.glassfish.jdbc.deployer.JdbcResourceDeployer.deleteResource(JdbcResourceDeployer.java:133)
	at org.glassfish.jdbc.deployer.JdbcResourceDeployer.undeployResource(JdbcResourceDeployer.java:128)
	at org.glassfish.resourcebase.resources.listener.ResourceManager.undeployResources(ResourceManager.java:213)
	at com.sun.enterprise.connectors.ConnectorRuntime.cleanUpResourcesAndShutdownAllActiveRAs(ConnectorRuntime.java:976)
	at org.glassfish.ejb.embedded.EJBContainerImpl.cleanupConnectorRuntime(EJBContainerImpl.java:228)
	at org.glassfish.ejb.embedded.EJBContainerImpl.forceClose(EJBContainerImpl.java:168)
	at org.glassfish.ejb.embedded.EJBContainerImpl.close(EJBContainerImpl.java:155)
	at NeuBDProyectoSIIEjbTest.TestCentro.tearDownClass(TestCentro.java:146)
	at sun.reflect.NativeMethodAccessorImpl.invoke0(Native Method)
	at sun.reflect.NativeMethodAccessorImpl.invoke(NativeMethodAccessorImpl.java:62)
	at sun.reflect.DelegatingMethodAccessorImpl.invoke(DelegatingMethodAccessorImpl.java:43)
	at java.lang.reflect.Method.invoke(Method.java:498)
	at org.junit.runners.model.FrameworkMethod$1.runReflectiveCall(FrameworkMethod.java:59)
	at org.junit.internal.runners.model.ReflectiveCallable.run(ReflectiveCallable.java:12)
	at org.junit.runners.model.FrameworkMethod.invokeExplosively(FrameworkMethod.java:56)
	at org.junit.internal.runners.statements.RunAfters.invokeMethod(RunAfters.java:46)
	at org.junit.internal.runners.statements.RunAfters.evaluate(RunAfters.java:33)
	at org.junit.runners.ParentRunner$3.evaluate(ParentRunner.java:306)
	at org.junit.runners.ParentRunner.run(ParentRunner.java:413)
	at org.apache.maven.surefire.junit4.JUnit4Provider.execute(JUnit4Provider.java:252)
	at org.apache.maven.surefire.junit4.JUnit4Provider.executeTestSet(JUnit4Provider.java:141)
	at org.apache.maven.surefire.junit4.JUnit4Provider.invoke(JUnit4Provider.java:112)
	at sun.reflect.NativeMethodAccessorImpl.invoke0(Native Method)
	at sun.reflect.NativeMethodAccessorImpl.invoke(NativeMethodAccessorImpl.java:62)
	at sun.reflect.DelegatingMethodAccessorImpl.invoke(DelegatingMethodAccessorImpl.java:43)
	at java.lang.reflect.Method.invoke(Method.java:498)
	at org.apache.maven.surefire.util.ReflectionUtils.invokeMethodWithArray(ReflectionUtils.java:189)
	at org.apache.maven.surefire.booter.ProviderFactory$ProviderProxy.invoke(ProviderFactory.java:165)
	at org.apache.maven.surefire.booter.ProviderFactory.invokeProvider(ProviderFactory.java:85)
	at org.apache.maven.surefire.booter.ForkedBooter.runSuitesInProcess(ForkedBooter.java:115)
	at org.apache.maven.surefire.booter.ForkedBooter.main(ForkedBooter.java:75)
Caused by: javax.naming.NamingException: java:comp namespace cannot be modified
	at com.sun.enterprise.naming.impl.JavaURLContext.unbind(JavaURLContext.java:273)
	at com.sun.enterprise.naming.impl.SerialContext.unbind(SerialContext.java:681)
	at javax.naming.InitialContext.unbind(InitialContext.java:441)
	at javax.naming.InitialContext.unbind(InitialContext.java:441)
	at com.sun.enterprise.naming.impl.GlassfishNamingManagerImpl.unpublishObject(GlassfishNamingManagerImpl.java:226)
	at org.glassfish.resourcebase.resources.naming.ResourceNamingService.unpublishObject(ResourceNamingService.java:175)
	at com.sun.enterprise.connectors.service.ConnectorResourceAdminServiceImpl.deleteConnectorResource(ConnectorResourceAdminServiceImpl.java:142)
	... 32 more

may 20, 2021 6:40:26 AM org.glassfish.resourcebase.resources.listener.ResourceManager undeployResources
ADVERTENCIA: Unable to undeploy resource [java:jboss/datasources/sii] due to following exception: [com.sun.appserv.connectors.internal.api.ConnectorRuntimeException: Failed to delete connector resource from jndi].
may 20, 2021 6:40:26 AM com.sun.enterprise.connectors.service.ResourceAdapterAdminServiceImpl sendStopToResourceAdapter
INFORMACIÓN: RAR7094: __ds_jdbc_ra shutdown successful.
may 20, 2021 6:40:26 AM org.glassfish.admin.mbeanserver.JMXStartupService shutdown
INFORMACIÓN: JMXStartupService and JMXConnectors have been shut down.
may 20, 2021 6:40:26 AM com.sun.enterprise.connectors.service.ConnectorResourceAdminServiceImpl deleteConnectorResource
GRAVE: RAR7133: Unable to remove resource [ java:jboss/datasources/sii ] from jndi
may 20, 2021 6:40:26 AM com.sun.enterprise.connectors.service.ConnectorResourceAdminServiceImpl deleteConnectorResource
GRAVE: 
com.sun.appserv.connectors.internal.api.ConnectorRuntimeException: Failed to delete connector resource from jndi
	at com.sun.enterprise.connectors.service.ConnectorResourceAdminServiceImpl.deleteConnectorResource(ConnectorResourceAdminServiceImpl.java:157)
	at com.sun.enterprise.connectors.ConnectorRuntime.deleteConnectorResource(ConnectorRuntime.java:356)
	at org.glassfish.jdbc.deployer.JdbcResourceDeployer.deleteResource(JdbcResourceDeployer.java:133)
	at org.glassfish.jdbc.deployer.JdbcResourceDeployer.undeployResource(JdbcResourceDeployer.java:128)
	at org.glassfish.resourcebase.resources.listener.ResourceManager.undeployResources(ResourceManager.java:213)
	at com.sun.enterprise.connectors.ConnectorRuntime.cleanUpResourcesAndShutdownAllActiveRAs(ConnectorRuntime.java:976)
	at com.sun.appserv.connectors.internal.ConnectorResourceManagerLifecycleListener.resourceManagerShutdown(ConnectorResourceManagerLifecycleListener.java:169)
	at com.sun.appserv.connectors.internal.ConnectorResourceManagerLifecycleListener.resourceManagerLifecycleEvent(ConnectorResourceManagerLifecycleListener.java:155)
	at org.glassfish.resourcebase.resources.listener.ResourceManager.notifyListeners(ResourceManager.java:113)
	at org.glassfish.resourcebase.resources.listener.ResourceManager.preDestroy(ResourceManager.java:187)
	at org.jvnet.hk2.internal.ClazzCreator.preDestroyMe(ClazzCreator.java:316)
	at org.jvnet.hk2.internal.ClazzCreator.dispose(ClazzCreator.java:381)
	at org.jvnet.hk2.internal.SystemDescriptor.dispose(SystemDescriptor.java:518)
	at org.glassfish.hk2.runlevel.internal.AsyncRunLevelContext.destroyOne(AsyncRunLevelContext.java:403)
	at org.glassfish.hk2.runlevel.RunLevelContext.destroyOne(RunLevelContext.java:81)
	at org.jvnet.hk2.internal.ServiceHandleImpl.destroy(ServiceHandleImpl.java:165)
	at org.glassfish.hk2.runlevel.internal.CurrentTaskFuture$DownQueueRunner.run(CurrentTaskFuture.java:1270)
	at java.util.concurrent.ThreadPoolExecutor.runWorker(ThreadPoolExecutor.java:1149)
	at java.util.concurrent.ThreadPoolExecutor$Worker.run(ThreadPoolExecutor.java:624)
	at java.lang.Thread.run(Thread.java:748)
Caused by: javax.naming.NamingException: java:comp namespace cannot be modified
	at com.sun.enterprise.naming.impl.JavaURLContext.unbind(JavaURLContext.java:273)
	at com.sun.enterprise.naming.impl.SerialContext.unbind(SerialContext.java:681)
	at javax.naming.InitialContext.unbind(InitialContext.java:441)
	at javax.naming.InitialContext.unbind(InitialContext.java:441)
	at com.sun.enterprise.naming.impl.GlassfishNamingManagerImpl.unpublishObject(GlassfishNamingManagerImpl.java:226)
	at org.glassfish.resourcebase.resources.naming.ResourceNamingService.unpublishObject(ResourceNamingService.java:175)
	at com.sun.enterprise.connectors.service.ConnectorResourceAdminServiceImpl.deleteConnectorResource(ConnectorResourceAdminServiceImpl.java:142)
	... 19 more

may 20, 2021 6:40:26 AM org.glassfish.resourcebase.resources.listener.ResourceManager undeployResources
ADVERTENCIA: Unable to undeploy resource [java:jboss/datasources/sii] due to following exception: [com.sun.appserv.connectors.internal.api.ConnectorRuntimeException: Failed to delete connector resource from jndi].
may 20, 2021 6:40:26 AM com.sun.enterprise.v3.server.AppServerStartup stop
INFORMACIÓN: Shutdown procedure finished
may 20, 2021 6:40:26 AM org.glassfish.ejb.embedded.EJBContainerProviderImpl getValidFile
ADVERTENCIA: EJB6008:Specified or calculated application server instance [/home/alumno/.m2/repository/org/glassfish/main/extras/glassfish-embedded-all/domains/domain1] does not exist.
may 20, 2021 6:40:26 AM org.glassfish.ejb.embedded.EJBContainerProviderImpl createContainer
INFORMACIÓN: [EJBContainerProviderImpl] Using config file location: file:/tmp/domain7555518362236979022xml
may 20, 2021 6:40:26 AM org.glassfish.ejb.embedded.EJBContainerProviderImpl createContainer
INFORMACIÓN: [EJBContainerProviderImpl] Using runtime class: class com.sun.enterprise.glassfish.bootstrap.StaticGlassFishRuntime
may 20, 2021 6:40:26 AM com.sun.enterprise.v3.server.CommonClassLoaderServiceImpl findDerbyClient
INFORMACIÓN: Cannot find javadb client jar file, derby jdbc driver will not be available by default.
may 20, 2021 6:40:26 AM org.glassfish.resourcebase.resources.api.ResourcesBinder deployResource
GRAVE: Cannot bind resource [java:jboss/datasources/sii] to naming manager. Following exception occurred [javax.naming.NamingException: java:comp namespace cannot be modified].
may 20, 2021 6:40:26 AM org.glassfish.security.services.impl.authorization.AuthorizationServiceImpl initialize
INFORMACIÓN: Authorization Service has successfully initialized.
may 20, 2021 6:40:26 AM com.sun.enterprise.security.ssl.impl.SecuritySupportImpl checkCertificateDates
GRAVE: The SSL certificate has expired: [
[
  Version: V3
  Subject: CN=localhost, OU=GlassFish, O=Sun Microsystems, L=Santa Clara, ST=California, C=US
  Signature Algorithm: SHA1withRSA, OID = 1.2.840.113549.1.1.5

  Key:  Sun RSA public key, 1024 bits
  params: null
  modulus: 145607243452859689580129548866124791697266876389020072346169573106005067922351621693980274409566977123703120560397141987498630922827852965950283535196583826176478163336993643826795231487853960699742178569310586812871660687609669142799497192378661602695305819033929044820179434366507221428988785371476479913059
  public exponent: 65537
  Validity: [From: Tue Jul 07 01:27:35 PDT 2009,
               To: Fri Jul 05 01:27:35 PDT 2019]
  Issuer: CN=localhost, OU=GlassFish, O=Sun Microsystems, L=Santa Clara, ST=California, C=US
  SerialNumber: [    4a5306f7]

Certificate Extensions: 1
[1]: ObjectId: 2.5.29.14 Criticality=false
SubjectKeyIdentifier [
KeyIdentifier [
0000: 8F FB 7A 0A BF 38 54 A6   0D 9D CC 28 F8 7A B2 25  ..z..8T....(.z.%
0010: F2 F8 A1 99                                        ....
]
]

]
  Algorithm: [SHA1withRSA]
  Signature:
0000: 7A 53 96 EE 26 C0 6C 06   A5 68 45 43 49 A8 21 B7  zS..&amp;.l..hECI.!.
0010: 03 E3 3C 22 97 76 B0 EC   0C F1 11 C9 D7 67 20 CA  ..&lt;&quot;.v.......g .
0020: E5 0E 29 F8 64 FA C5 5A   FA D9 34 76 39 61 C4 21  ..).d..Z..4v9a.!
0030: 82 A1 C5 27 D8 B7 B3 1B   6C 95 3B 01 6C C3 15 0F  ...&apos;....l.;.l...
0040: B4 4D 50 E3 8F E9 CC 96   CC FF 95 2B 61 7C 30 D4  .MP........+a.0.
0050: B1 00 0F 9E 4C 1B F8 08   DC 4C 30 CC 0E CB FC 92  ....L....L0.....
0060: B3 C5 D5 F5 01 84 33 40   CA 42 B1 A3 2C 88 89 B9  ......3@.B..,...
0070: 04 90 F3 2C C5 FA E4 A2   DC 16 17 4A 02 A7 ED 94  ...,.......J....

]
may 20, 2021 6:40:26 AM com.sun.enterprise.security.ssl.impl.SecuritySupportImpl checkCertificateDates
GRAVE: The SSL certificate has expired: [
[
  Version: V3
  Subject: CN=localhost, OU=GlassFish, O=Sun Microsystems, L=Santa Clara, ST=California, C=US
  Signature Algorithm: SHA1withRSA, OID = 1.2.840.113549.1.1.5

  Key:  Sun RSA public key, 1024 bits
  params: null
  modulus: 145607243452859689580129548866124791697266876389020072346169573106005067922351621693980274409566977123703120560397141987498630922827852965950283535196583826176478163336993643826795231487853960699742178569310586812871660687609669142799497192378661602695305819033929044820179434366507221428988785371476479913059
  public exponent: 65537
  Validity: [From: Tue Jul 07 01:27:35 PDT 2009,
               To: Fri Jul 05 01:27:35 PDT 2019]
  Issuer: CN=localhost, OU=GlassFish, O=Sun Microsystems, L=Santa Clara, ST=California, C=US
  SerialNumber: [    4a5306f7]

Certificate Extensions: 1
[1]: ObjectId: 2.5.29.14 Criticality=false
SubjectKeyIdentifier [
KeyIdentifier [
0000: 8F FB 7A 0A BF 38 54 A6   0D 9D CC 28 F8 7A B2 25  ..z..8T....(.z.%
0010: F2 F8 A1 99                                        ....
]
]

]
  Algorithm: [SHA1withRSA]
  Signature:
0000: 7A 53 96 EE 26 C0 6C 06   A5 68 45 43 49 A8 21 B7  zS..&amp;.l..hECI.!.
0010: 03 E3 3C 22 97 76 B0 EC   0C F1 11 C9 D7 67 20 CA  ..&lt;&quot;.v.......g .
0020: E5 0E 29 F8 64 FA C5 5A   FA D9 34 76 39 61 C4 21  ..).d..Z..4v9a.!
0030: 82 A1 C5 27 D8 B7 B3 1B   6C 95 3B 01 6C C3 15 0F  ...&apos;....l.;.l...
0040: B4 4D 50 E3 8F E9 CC 96   CC FF 95 2B 61 7C 30 D4  .MP........+a.0.
0050: B1 00 0F 9E 4C 1B F8 08   DC 4C 30 CC 0E CB FC 92  ....L....L0.....
0060: B3 C5 D5 F5 01 84 33 40   CA 42 B1 A3 2C 88 89 B9  ......3@.B..,...
0070: 04 90 F3 2C C5 FA E4 A2   DC 16 17 4A 02 A7 ED 94  ...,.......J....

]
may 20, 2021 6:40:26 AM com.sun.enterprise.v3.server.AppServerStartup postStartupJob
INFORMACIÓN: Undefined Product Name - define product and version info in config/branding  0.0.0  (0) startup time : Embedded (18ms), startup services(36ms), total(54ms)
may 20, 2021 6:40:26 AM com.sun.enterprise.connectors.jms.util.JmsRaUtil getInstalledMqVersion
ADVERTENCIA: Check for a new version of MQ installation failed : /tmp/gfembed5333455348994738369tmp/lib/install/applications/jmsra/../imqjmsra.rar (No existe el archivo o el directorio):/tmp/gfembed5333455348994738369tmp/lib/install/applications/jmsra/imqjmsra.rar
may 20, 2021 6:40:26 AM org.glassfish.admin.mbeanserver.JMXStartupService$JMXConnectorsStarterThread run
INFORMACIÓN: JMXStartupService has disabled JMXConnector system
may 20, 2021 6:40:27 AM org.glassfish.ejb.embedded.EJBContainerProviderImpl skipJar
INFORMACIÓN: ... skipping entry with a Manifest file with a special attribute: glassfish-embedded-all-5.1.0.jar
may 20, 2021 6:40:27 AM org.glassfish.deployment.common.GenericAnnotationDetector scanArchive
ADVERTENCIA: NCLS-DEPLOYMENT-00009
may 20, 2021 6:40:27 AM org.glassfish.ejb.embedded.DeploymentElement getOrCreateApplication
INFORMACIÓN: [DeploymentElement] adding EJB module to ScatteredArchive classes
may 20, 2021 6:40:27 AM org.glassfish.ejb.embedded.DeploymentElement getOrCreateApplication
INFORMACIÓN: [DeploymentElement] adding library to ScatteredArchive commonj.sdo-2.1.1.jar
may 20, 2021 6:40:27 AM org.glassfish.ejb.embedded.DeploymentElement getOrCreateApplication
INFORMACIÓN: [DeploymentElement] adding library to ScatteredArchive commons-csv-1.6.jar
may 20, 2021 6:40:27 AM org.glassfish.ejb.embedded.DeploymentElement getOrCreateApplication
INFORMACIÓN: [DeploymentElement] adding library to ScatteredArchive activation-1.1.jar
may 20, 2021 6:40:27 AM org.glassfish.ejb.embedded.DeploymentElement getOrCreateApplication
INFORMACIÓN: [DeploymentElement] adding library to ScatteredArchive anotaciones-0.0.1.jar
may 20, 2021 6:40:27 AM org.glassfish.ejb.embedded.DeploymentElement getOrCreateApplication
INFORMACIÓN: [DeploymentElement] adding library to ScatteredArchive jstl-1.2.jar
may 20, 2021 6:40:27 AM org.glassfish.ejb.embedded.DeploymentElement getOrCreateApplication
INFORMACIÓN: [DeploymentElement] adding library to ScatteredArchive hamcrest-core-1.3.jar
may 20, 2021 6:40:27 AM org.glassfish.ejb.embedded.DeploymentElement getOrCreateApplication
INFORMACIÓN: [DeploymentElement] adding library to ScatteredArchive test-classes
may 20, 2021 6:40:27 AM org.glassfish.ejb.embedded.DeploymentElement getOrCreateApplication
INFORMACIÓN: [DeploymentElement] adding library to ScatteredArchive poi-5.0.0.jar
may 20, 2021 6:40:27 AM org.glassfish.ejb.embedded.DeploymentElement getOrCreateApplication
INFORMACIÓN: [DeploymentElement] adding library to ScatteredArchive slf4j-api-1.7.30.jar
may 20, 2021 6:40:27 AM org.glassfish.ejb.embedded.DeploymentElement getOrCreateApplication
INFORMACIÓN: [DeploymentElement] adding library to ScatteredArchive eclipselink-2.7.6.jar
may 20, 2021 6:40:27 AM org.glassfish.ejb.embedded.DeploymentElement getOrCreateApplication
INFORMACIÓN: [DeploymentElement] adding library to ScatteredArchive jcl-over-slf4j-1.7.30.jar
may 20, 2021 6:40:27 AM org.glassfish.ejb.embedded.DeploymentElement getOrCreateApplication
INFORMACIÓN: [DeploymentElement] adding library to ScatteredArchive commons-codec-1.15.jar
may 20, 2021 6:40:27 AM org.glassfish.ejb.embedded.DeploymentElement getOrCreateApplication
INFORMACIÓN: [DeploymentElement] adding library to ScatteredArchive mysql-connector-java-8.0.19.jar
may 20, 2021 6:40:27 AM org.glassfish.ejb.embedded.DeploymentElement getOrCreateApplication
INFORMACIÓN: [DeploymentElement] adding library to ScatteredArchive javaee-api-8.0.jar
may 20, 2021 6:40:27 AM org.glassfish.ejb.embedded.DeploymentElement getOrCreateApplication
INFORMACIÓN: [DeploymentElement] adding library to ScatteredArchive protobuf-java-3.6.1.jar
may 20, 2021 6:40:27 AM org.glassfish.ejb.embedded.DeploymentElement getOrCreateApplication
INFORMACIÓN: [DeploymentElement] adding library to ScatteredArchive tools.jar
may 20, 2021 6:40:27 AM org.glassfish.ejb.embedded.DeploymentElement getOrCreateApplication
INFORMACIÓN: [DeploymentElement] adding library to ScatteredArchive h2-1.4.200.jar
may 20, 2021 6:40:27 AM org.glassfish.ejb.embedded.DeploymentElement getOrCreateApplication
INFORMACIÓN: [DeploymentElement] adding library to ScatteredArchive javax.mail-1.6.0.jar
may 20, 2021 6:40:27 AM org.glassfish.ejb.embedded.DeploymentElement getOrCreateApplication
INFORMACIÓN: [DeploymentElement] adding library to ScatteredArchive junit-4.13.jar
may 20, 2021 6:40:27 AM org.glassfish.ejb.embedded.DeploymentElement getOrCreateApplication
INFORMACIÓN: [DeploymentElement] adding library to ScatteredArchive jakarta.persistence-2.2.3.jar
may 20, 2021 6:40:27 AM org.glassfish.ejb.embedded.DeploymentElement getOrCreateApplication
INFORMACIÓN: [DeploymentElement] adding library to ScatteredArchive commons-math3-3.6.1.jar
may 20, 2021 6:40:27 AM org.glassfish.ejb.embedded.DeploymentElement getOrCreateApplication
INFORMACIÓN: [DeploymentElement] adding library to ScatteredArchive commons-collections4-4.4.jar
may 20, 2021 6:40:27 AM org.glassfish.ejb.embedded.DeploymentElement getOrCreateApplication
INFORMACIÓN: [DeploymentElement] adding library to ScatteredArchive SparseBitSet-1.2.jar
may 20, 2021 6:40:27 AM org.glassfish.ejb.embedded.EJBContainerImpl deploy
INFORMACIÓN: [EJBContainerImpl] Deploying app: org.glassfish.embeddable.archive.ScatteredArchive@41f58d4f
may 20, 2021 6:40:27 AM org.glassfish.ejb.embedded.EJBContainerImpl deploy
INFORMACIÓN: [EJBContainerImpl] GlassFish status: STARTED
may 20, 2021 6:40:27 AM org.glassfish.ejb.embedded.EJBContainerImpl deploy
INFORMACIÓN: [EJBContainerImpl] Deploying as a ScatteredArchive
may 20, 2021 6:40:32 AM org.glassfish.hk2.classmodel.reflect.Parser$5 on
GRAVE: Exception while visiting META-INF/versions/10/org/h2/util/NetUtils2.class of size 876
java.lang.IllegalArgumentException
	at org.glassfish.hk2.external.org.objectweb.asm.ClassReader.&lt;init&gt;(ClassReader.java:160)
	at org.glassfish.hk2.external.org.objectweb.asm.ClassReader.&lt;init&gt;(ClassReader.java:143)
	at org.glassfish.hk2.external.org.objectweb.asm.ClassReader.&lt;init&gt;(ClassReader.java:418)
	at org.glassfish.hk2.classmodel.reflect.Parser$5.on(Parser.java:335)
	at com.sun.enterprise.v3.server.ReadableArchiveScannerAdapter.handleEntry(ReadableArchiveScannerAdapter.java:141)
	at com.sun.enterprise.v3.server.ReadableArchiveScannerAdapter.onSelectedEntries(ReadableArchiveScannerAdapter.java:103)
	at org.glassfish.hk2.classmodel.reflect.Parser.doJob(Parser.java:321)
	at org.glassfish.hk2.classmodel.reflect.Parser.access$300(Parser.java:44)
	at org.glassfish.hk2.classmodel.reflect.Parser$3.call(Parser.java:280)
	at org.glassfish.hk2.classmodel.reflect.Parser$3.call(Parser.java:269)
	at java.util.concurrent.FutureTask.run(FutureTask.java:266)
	at java.util.concurrent.ThreadPoolExecutor.runWorker(ThreadPoolExecutor.java:1149)
	at java.util.concurrent.ThreadPoolExecutor$Worker.run(ThreadPoolExecutor.java:624)
	at java.lang.Thread.run(Thread.java:748)

may 20, 2021 6:40:32 AM com.sun.enterprise.security.SecurityLifecycle &lt;init&gt;
INFORMACIÓN: Java security manager is disabled.
may 20, 2021 6:40:32 AM com.sun.enterprise.security.SecurityLifecycle onInitialization
INFORMACIÓN: Entering Security Startup Service.
may 20, 2021 6:40:32 AM com.sun.enterprise.security.PolicyLoader setPolicyConfigurationFactory
ADVERTENCIA: Policy configuration factory overridden by property javax.security.jacc.PolicyConfigurationFactory.provider with value com.sun.enterprise.security.jacc.provider.SimplePolicyConfigurationFactory
may 20, 2021 6:40:32 AM com.sun.enterprise.security.PolicyLoader loadPolicy
INFORMACIÓN: Loading policy provider com.sun.enterprise.security.jacc.provider.SimplePolicyProvider.
may 20, 2021 6:40:32 AM com.sun.enterprise.security.SecurityLifecycle onInitialization
INFORMACIÓN: Security Service(s) started successfully.
may 20, 2021 6:40:34 AM org.eclipse.persistence.session./file:/tmp/gfembed426762574165111651tmp/applications/classes/_ProyectoSII
INFORMACIÓN: EclipseLink, version: Eclipse Persistence Services - 2.7.6.v20200131-b7c997804f
may 20, 2021 6:40:34 AM org.eclipse.persistence.session./file:/tmp/gfembed426762574165111651tmp/applications/classes/_ProyectoSII.connection
INFORMACIÓN: /file:/tmp/gfembed426762574165111651tmp/applications/classes/_ProyectoSII login successful
may 20, 2021 6:40:34 AM org.eclipse.persistence.session./file:/tmp/gfembed426762574165111651tmp/applications/classes/_ProyectoSII.server
ADVERTENCIA: Failed to find MBean Server: null or empty List returned from MBeanServerFactory.findMBeanServer(null)
may 20, 2021 6:40:34 AM com.sun.ejb.containers.BaseContainer initializeHome
INFORMACIÓN: Portable JNDI names for EJB AsigMatriEJB: [java:global/classes/AsigMatriEJB!NeuBDProyectoSIIEjb.GestionAsigMatri, java:global/classes/AsigMatriEJB]
may 20, 2021 6:40:34 AM com.sun.ejb.containers.BaseContainer initializeHome
INFORMACIÓN: Portable JNDI names for EJB MatriculaEJB: [java:global/classes/MatriculaEJB, java:global/classes/MatriculaEJB!NeuBDProyectoSIIEjb.GestionMatricula]
may 20, 2021 6:40:34 AM com.sun.ejb.containers.BaseContainer initializeHome
INFORMACIÓN: Portable JNDI names for EJB Grupos_por_asignatura_Ejb: [java:global/classes/Grupos_por_asignatura_Ejb!NeuBDProyectoSIIEjb.GestionGrupoPorAsignatura, java:global/classes/Grupos_por_asignatura_Ejb]
may 20, 2021 6:40:34 AM com.sun.ejb.containers.BaseContainer initializeHome
INFORMACIÓN: Portable JNDI names for EJB ExpedienteEJB: [java:global/classes/ExpedienteEJB!NeuBDProyectoSIIEjb.GestionExpediente, java:global/classes/ExpedienteEJB]
may 20, 2021 6:40:34 AM com.sun.ejb.containers.BaseContainer initializeHome
INFORMACIÓN: Portable JNDI names for EJB CentroEJB: [java:global/classes/CentroEJB!NeuBDProyectoSIIEjb.GestionCentro, java:global/classes/CentroEJB]
may 20, 2021 6:40:34 AM com.sun.ejb.containers.BaseContainer initializeHome
INFORMACIÓN: Portable JNDI names for EJB GrupoEJB: [java:global/classes/GrupoEJB!NeuBDProyectoSIIEjb.GestionGrupo, java:global/classes/GrupoEJB]
may 20, 2021 6:40:34 AM com.sun.ejb.containers.BaseContainer initializeHome
INFORMACIÓN: Portable JNDI names for EJB OptativaEJB: [java:global/classes/OptativaEJB!NeuBDProyectoSIIEjb.GestionOptativa, java:global/classes/OptativaEJB]
may 20, 2021 6:40:34 AM com.sun.ejb.containers.BaseContainer initializeHome
INFORMACIÓN: Portable JNDI names for EJB LeerCSVEJB: [java:global/classes/LeerCSVEJB!NeuBDProyectoSIIEjb.GestionLeerCSV, java:global/classes/LeerCSVEJB]
may 20, 2021 6:40:34 AM com.sun.ejb.containers.BaseContainer initializeHome
INFORMACIÓN: Portable JNDI names for EJB EncuestaEJB: [java:global/classes/EncuestaEJB, java:global/classes/EncuestaEJB!NeuBDProyectoSIIEjb.GestionEncuesta]
may 20, 2021 6:40:34 AM com.sun.ejb.containers.BaseContainer initializeHome
INFORMACIÓN: Portable JNDI names for EJB ClaseEJB: [java:global/classes/ClaseEJB, java:global/classes/ClaseEJB!NeuBDProyectoSIIEjb.GestionClase]
may 20, 2021 6:40:34 AM com.sun.ejb.containers.BaseContainer initializeHome
INFORMACIÓN: Portable JNDI names for EJB AlumnoEJB: [java:global/classes/AlumnoEJB, java:global/classes/AlumnoEJB!NeuBDProyectoSIIEjb.GestionAlumno]
may 20, 2021 6:40:34 AM com.sun.ejb.containers.BaseContainer initializeHome
INFORMACIÓN: Portable JNDI names for EJB AsignaturaEJB: [java:global/classes/AsignaturaEJB!NeuBDProyectoSIIEjb.GestionAsignatura, java:global/classes/AsignaturaEJB]
may 20, 2021 6:40:34 AM com.sun.ejb.containers.BaseContainer initializeHome
INFORMACIÓN: Portable JNDI names for EJB TitulacionEJB: [java:global/classes/TitulacionEJB, java:global/classes/TitulacionEJB!NeuBDProyectoSIIEjb.GestionTitulacion]
may 20, 2021 6:40:34 AM org.jboss.weld.event.ExtensionObserverMethodImpl checkRequiredTypeAnnotations
INFO: WELD-000411: Observer method [BackedAnnotatedMethod] org.glassfish.sse.impl.ServerSentEventCdiExtension.processAnnotatedType(@Observes ProcessAnnotatedType&lt;T&gt;, BeanManager) receives events for all annotated types. Consider restricting events using @WithAnnotations or a generic type with bounds.
may 20, 2021 6:40:34 AM org.jboss.weld.event.ExtensionObserverMethodImpl checkRequiredTypeAnnotations
INFO: WELD-000411: Observer method [BackedAnnotatedMethod] public org.hibernate.validator.cdi.ValidationExtension.processAnnotatedType(@Observes ProcessAnnotatedType&lt;T&gt;) receives events for all annotated types. Consider restricting events using @WithAnnotations or a generic type with bounds.
may 20, 2021 6:40:34 AM org.jboss.weld.event.ExtensionObserverMethodImpl checkRequiredTypeAnnotations
INFO: WELD-000411: Observer method [BackedAnnotatedMethod] private org.glassfish.jersey.ext.cdi1x.internal.CdiComponentProvider.processAnnotatedType(@Observes ProcessAnnotatedType) receives events for all annotated types. Consider restricting events using @WithAnnotations or a generic type with bounds.
may 20, 2021 6:40:34 AM org.jboss.weld.event.ExtensionObserverMethodImpl checkRequiredTypeAnnotations
INFO: WELD-000411: Observer method [BackedAnnotatedMethod] public org.glassfish.jms.injection.JMSCDIExtension.processAnnotatedType(@Observes ProcessAnnotatedType&lt;T&gt;) receives events for all annotated types. Consider restricting events using @WithAnnotations or a generic type with bounds.
may 20, 2021 6:40:34 AM org.jboss.weld.bootstrap.events.BeforeBeanDiscoveryImpl addAnnotatedType
WARN: WELD-000146: BeforeBeanDiscovery.addAnnotatedType(AnnotatedType&lt;?&gt;) used for class org.glassfish.jersey.ext.cdi1x.internal.CdiComponentProvider$JaxRsParamProducer is deprecated from CDI 1.1!
may 20, 2021 6:40:34 AM org.jboss.weld.bootstrap.events.BeforeBeanDiscoveryImpl addAnnotatedType
WARN: WELD-000146: BeforeBeanDiscovery.addAnnotatedType(AnnotatedType&lt;?&gt;) used for class org.glassfish.jersey.ext.cdi1x.transaction.internal.WebAppExceptionHolder is deprecated from CDI 1.1!
may 20, 2021 6:40:34 AM org.jboss.weld.bootstrap.events.BeforeBeanDiscoveryImpl addAnnotatedType
WARN: WELD-000146: BeforeBeanDiscovery.addAnnotatedType(AnnotatedType&lt;?&gt;) used for class org.glassfish.jersey.ext.cdi1x.transaction.internal.WebAppExceptionInterceptor is deprecated from CDI 1.1!
may 20, 2021 6:40:34 AM org.jboss.weld.bootstrap.events.BeforeBeanDiscoveryImpl addAnnotatedType
WARN: WELD-000146: BeforeBeanDiscovery.addAnnotatedType(AnnotatedType&lt;?&gt;) used for class org.glassfish.jersey.ext.cdi1x.transaction.internal.TransactionalExceptionMapper is deprecated from CDI 1.1!
may 20, 2021 6:40:34 AM org.jboss.weld.bootstrap.events.BeforeBeanDiscoveryImpl addAnnotatedType
WARN: WELD-000146: BeforeBeanDiscovery.addAnnotatedType(AnnotatedType&lt;?&gt;) used for class org.glassfish.cdi.transaction.TransactionalInterceptorMandatory is deprecated from CDI 1.1!
may 20, 2021 6:40:34 AM org.jboss.weld.bootstrap.events.BeforeBeanDiscoveryImpl addAnnotatedType
WARN: WELD-000146: BeforeBeanDiscovery.addAnnotatedType(AnnotatedType&lt;?&gt;) used for class org.glassfish.cdi.transaction.TransactionalInterceptorNever is deprecated from CDI 1.1!
may 20, 2021 6:40:34 AM org.jboss.weld.bootstrap.events.BeforeBeanDiscoveryImpl addAnnotatedType
WARN: WELD-000146: BeforeBeanDiscovery.addAnnotatedType(AnnotatedType&lt;?&gt;) used for class org.glassfish.cdi.transaction.TransactionalInterceptorNotSupported is deprecated from CDI 1.1!
may 20, 2021 6:40:34 AM org.jboss.weld.bootstrap.events.BeforeBeanDiscoveryImpl addAnnotatedType
WARN: WELD-000146: BeforeBeanDiscovery.addAnnotatedType(AnnotatedType&lt;?&gt;) used for class org.glassfish.cdi.transaction.TransactionalInterceptorRequired is deprecated from CDI 1.1!
may 20, 2021 6:40:34 AM org.jboss.weld.bootstrap.events.BeforeBeanDiscoveryImpl addAnnotatedType
WARN: WELD-000146: BeforeBeanDiscovery.addAnnotatedType(AnnotatedType&lt;?&gt;) used for class org.glassfish.cdi.transaction.TransactionalInterceptorRequiresNew is deprecated from CDI 1.1!
may 20, 2021 6:40:34 AM org.jboss.weld.bootstrap.events.BeforeBeanDiscoveryImpl addAnnotatedType
WARN: WELD-000146: BeforeBeanDiscovery.addAnnotatedType(AnnotatedType&lt;?&gt;) used for class org.glassfish.cdi.transaction.TransactionalInterceptorSupports is deprecated from CDI 1.1!
may 20, 2021 6:40:34 AM org.jboss.weld.bootstrap.events.BeforeBeanDiscoveryImpl addAnnotatedType
WARN: WELD-000146: BeforeBeanDiscovery.addAnnotatedType(AnnotatedType&lt;?&gt;) used for class com.ibm.jbatch.container.cdi.BatchProducerBean is deprecated from CDI 1.1!
may 20, 2021 6:40:34 AM org.jboss.weld.bootstrap.events.BeforeBeanDiscoveryImpl addAnnotatedType
WARN: WELD-000146: BeforeBeanDiscovery.addAnnotatedType(AnnotatedType&lt;?&gt;) used for class org.glassfish.jersey.ext.cdi1x.servlet.internal.CdiExternalRequestScope is deprecated from CDI 1.1!
may 20, 2021 6:40:34 AM org.jboss.weld.bootstrap.events.BeforeBeanDiscoveryImpl addAnnotatedType
WARN: WELD-000146: BeforeBeanDiscovery.addAnnotatedType(AnnotatedType&lt;?&gt;) used for class com.sun.faces.flow.FlowDiscoveryCDIHelper is deprecated from CDI 1.1!
may 20, 2021 6:40:34 AM org.glassfish.deployment.admin.DeployCommand execute
INFORMACIÓN: classes was successfully deployed in 3.642 milliseconds.
</system-err>
  </testcase>
  <testcase classname="NeuBDProyectoSIIEjbTest.TestLeerCSV" name="TestLeerCSVTitulacion" time="7.89">
    <skipped/>
  </testcase>
  <testcase classname="NeuBDProyectoSIIEjbTest.TestLeerCSV" name="TestLeerCSVAsignatura" time="7.89">
    <skipped/>
  </testcase>
  <testcase classname="NeuBDProyectoSIIEjbTest.TestLeerCSV" name="TestLeerCSVEncuesta" time="7.89">
    <skipped/>
  </testcase>
  <testcase classname="NeuBDProyectoSIIEjbTest.TestLeerCSV" name="TestLeerCSVAlumno" time="1.029"/>
</testsuite>