<?xml version="1.0" encoding="UTF-8" ?>
<testsuite tests="6" failures="0" name="NeuBDProyectoSIIEjbTest.TestAsigMatri" time="0.004" errors="0" skipped="6">
  <properties>
[...]
</properties>
  <testcase classname="NeuBDProyectoSIIEjbTest.TestAsigMatri" name="testVisualizarAsigMatriMAL" time="0">
    <skipped/>
    <system-out>PlainTextActionReporterSUCCESSNo monitoring data to report.
JdbcRuntimeExtension,  getAllSystemRAResourcesAndPools = [GlassFishConfigBean.org.glassfish.jdbc.config.JdbcResource, GlassFishConfigBean.org.glassfish.jdbc.config.JdbcResource, GlassFishConfigBean.org.glassfish.jdbc.config.JdbcResource, GlassFishConfigBean.org.glassfish.jdbc.config.JdbcConnectionPool, GlassFishConfigBean.org.glassfish.jdbc.config.JdbcConnectionPool, GlassFishConfigBean.org.glassfish.jdbc.config.JdbcConnectionPool]
JdbcRuntimeExtension,  getAllSystemRAResourcesAndPools = [GlassFishConfigBean.org.glassfish.jdbc.config.JdbcResource, GlassFishConfigBean.org.glassfish.jdbc.config.JdbcResource, GlassFishConfigBean.org.glassfish.jdbc.config.JdbcResource, GlassFishConfigBean.org.glassfish.jdbc.config.JdbcConnectionPool, GlassFishConfigBean.org.glassfish.jdbc.config.JdbcConnectionPool, GlassFishConfigBean.org.glassfish.jdbc.config.JdbcConnectionPool]
</system-out>
    <system-err>may 20, 2021 10:04:36 AM org.eclipse.persistence.session./file:/tmp/gfembed7564621138417345293tmp/applications/classes/_ProyectoSII.connection
INFORMACIÓN: /file:/tmp/gfembed7564621138417345293tmp/applications/classes/_ProyectoSII logout successful
may 20, 2021 10:04:36 AM com.sun.enterprise.connectors.service.ConnectorResourceAdminServiceImpl deleteConnectorResource
GRAVE: RAR7133: Unable to remove resource [ java:jboss/datasources/sii ] from jndi
may 20, 2021 10:04:36 AM com.sun.enterprise.connectors.service.ConnectorResourceAdminServiceImpl deleteConnectorResource
GRAVE: 
com.sun.appserv.connectors.internal.api.ConnectorRuntimeException: Failed to delete connector resource from jndi
	at com.sun.enterprise.connectors.service.ConnectorResourceAdminServiceImpl.deleteConnectorResource(ConnectorResourceAdminServiceImpl.java:157)
	at com.sun.enterprise.connectors.ConnectorRuntime.deleteConnectorResource(ConnectorRuntime.java:356)
	at org.glassfish.jdbc.deployer.JdbcResourceDeployer.deleteResource(JdbcResourceDeployer.java:133)
	at org.glassfish.jdbc.deployer.JdbcResourceDeployer.undeployResource(JdbcResourceDeployer.java:128)
	at org.glassfish.resourcebase.resources.listener.ResourceManager.undeployResources(ResourceManager.java:213)
	at com.sun.enterprise.connectors.ConnectorRuntime.cleanUpResourcesAndShutdownAllActiveRAs(ConnectorRuntime.java:976)
	at org.glassfish.ejb.embedded.EJBContainerImpl.cleanupConnectorRuntime(EJBContainerImpl.java:228)
	at org.glassfish.ejb.embedded.EJBContainerImpl.forceClose(EJBContainerImpl.java:168)
	at org.glassfish.ejb.embedded.EJBContainerImpl.close(EJBContainerImpl.java:155)
	at NeuBDProyectoSIIEjbTest.TestEncuesta.tearDownClass(TestEncuesta.java:251)
	at sun.reflect.NativeMethodAccessorImpl.invoke0(Native Method)
	at sun.reflect.NativeMethodAccessorImpl.invoke(NativeMethodAccessorImpl.java:62)
	at sun.reflect.DelegatingMethodAccessorImpl.invoke(DelegatingMethodAccessorImpl.java:43)
	at java.lang.reflect.Method.invoke(Method.java:498)
	at org.junit.runners.model.FrameworkMethod$1.runReflectiveCall(FrameworkMethod.java:59)
	at org.junit.internal.runners.model.ReflectiveCallable.run(ReflectiveCallable.java:12)
	at org.junit.runners.model.FrameworkMethod.invokeExplosively(FrameworkMethod.java:56)
	at org.junit.internal.runners.statements.RunAfters.invokeMethod(RunAfters.java:46)
	at org.junit.internal.runners.statements.RunAfters.evaluate(RunAfters.java:33)
	at org.junit.runners.ParentRunner$3.evaluate(ParentRunner.java:306)
	at org.junit.runners.ParentRunner.run(ParentRunner.java:413)
	at org.apache.maven.surefire.junit4.JUnit4Provider.execute(JUnit4Provider.java:252)
	at org.apache.maven.surefire.junit4.JUnit4Provider.executeTestSet(JUnit4Provider.java:141)
	at org.apache.maven.surefire.junit4.JUnit4Provider.invoke(JUnit4Provider.java:112)
	at sun.reflect.NativeMethodAccessorImpl.invoke0(Native Method)
	at sun.reflect.NativeMethodAccessorImpl.invoke(NativeMethodAccessorImpl.java:62)
	at sun.reflect.DelegatingMethodAccessorImpl.invoke(DelegatingMethodAccessorImpl.java:43)
	at java.lang.reflect.Method.invoke(Method.java:498)
	at org.apache.maven.surefire.util.ReflectionUtils.invokeMethodWithArray(ReflectionUtils.java:189)
	at org.apache.maven.surefire.booter.ProviderFactory$ProviderProxy.invoke(ProviderFactory.java:165)
	at org.apache.maven.surefire.booter.ProviderFactory.invokeProvider(ProviderFactory.java:85)
	at org.apache.maven.surefire.booter.ForkedBooter.runSuitesInProcess(ForkedBooter.java:115)
	at org.apache.maven.surefire.booter.ForkedBooter.main(ForkedBooter.java:75)
Caused by: javax.naming.NamingException: java:comp namespace cannot be modified
	at com.sun.enterprise.naming.impl.JavaURLContext.unbind(JavaURLContext.java:273)
	at com.sun.enterprise.naming.impl.SerialContext.unbind(SerialContext.java:681)
	at javax.naming.InitialContext.unbind(InitialContext.java:441)
	at javax.naming.InitialContext.unbind(InitialContext.java:441)
	at com.sun.enterprise.naming.impl.GlassfishNamingManagerImpl.unpublishObject(GlassfishNamingManagerImpl.java:226)
	at org.glassfish.resourcebase.resources.naming.ResourceNamingService.unpublishObject(ResourceNamingService.java:175)
	at com.sun.enterprise.connectors.service.ConnectorResourceAdminServiceImpl.deleteConnectorResource(ConnectorResourceAdminServiceImpl.java:142)
	... 32 more

may 20, 2021 10:04:36 AM org.glassfish.resourcebase.resources.listener.ResourceManager undeployResources
ADVERTENCIA: Unable to undeploy resource [java:jboss/datasources/sii] due to following exception: [com.sun.appserv.connectors.internal.api.ConnectorRuntimeException: Failed to delete connector resource from jndi].
may 20, 2021 10:04:36 AM com.sun.enterprise.connectors.service.ResourceAdapterAdminServiceImpl sendStopToResourceAdapter
INFORMACIÓN: RAR7094: __ds_jdbc_ra shutdown successful.
may 20, 2021 10:04:36 AM org.glassfish.admin.mbeanserver.JMXStartupService shutdown
INFORMACIÓN: JMXStartupService and JMXConnectors have been shut down.
may 20, 2021 10:04:36 AM com.sun.enterprise.connectors.service.ConnectorResourceAdminServiceImpl deleteConnectorResource
GRAVE: RAR7133: Unable to remove resource [ java:jboss/datasources/sii ] from jndi
may 20, 2021 10:04:36 AM com.sun.enterprise.connectors.service.ConnectorResourceAdminServiceImpl deleteConnectorResource
GRAVE: 
com.sun.appserv.connectors.internal.api.ConnectorRuntimeException: Failed to delete connector resource from jndi
	at com.sun.enterprise.connectors.service.ConnectorResourceAdminServiceImpl.deleteConnectorResource(ConnectorResourceAdminServiceImpl.java:157)
	at com.sun.enterprise.connectors.ConnectorRuntime.deleteConnectorResource(ConnectorRuntime.java:356)
	at org.glassfish.jdbc.deployer.JdbcResourceDeployer.deleteResource(JdbcResourceDeployer.java:133)
	at org.glassfish.jdbc.deployer.JdbcResourceDeployer.undeployResource(JdbcResourceDeployer.java:128)
	at org.glassfish.resourcebase.resources.listener.ResourceManager.undeployResources(ResourceManager.java:213)
	at com.sun.enterprise.connectors.ConnectorRuntime.cleanUpResourcesAndShutdownAllActiveRAs(ConnectorRuntime.java:976)
	at com.sun.appserv.connectors.internal.ConnectorResourceManagerLifecycleListener.resourceManagerShutdown(ConnectorResourceManagerLifecycleListener.java:169)
	at com.sun.appserv.connectors.internal.ConnectorResourceManagerLifecycleListener.resourceManagerLifecycleEvent(ConnectorResourceManagerLifecycleListener.java:155)
	at org.glassfish.resourcebase.resources.listener.ResourceManager.notifyListeners(ResourceManager.java:113)
	at org.glassfish.resourcebase.resources.listener.ResourceManager.preDestroy(ResourceManager.java:187)
	at org.jvnet.hk2.internal.ClazzCreator.preDestroyMe(ClazzCreator.java:316)
	at org.jvnet.hk2.internal.ClazzCreator.dispose(ClazzCreator.java:381)
	at org.jvnet.hk2.internal.SystemDescriptor.dispose(SystemDescriptor.java:518)
	at org.glassfish.hk2.runlevel.internal.AsyncRunLevelContext.destroyOne(AsyncRunLevelContext.java:403)
	at org.glassfish.hk2.runlevel.RunLevelContext.destroyOne(RunLevelContext.java:81)
	at org.jvnet.hk2.internal.ServiceHandleImpl.destroy(ServiceHandleImpl.java:165)
	at org.glassfish.hk2.runlevel.internal.CurrentTaskFuture$DownQueueRunner.run(CurrentTaskFuture.java:1270)
	at java.util.concurrent.ThreadPoolExecutor.runWorker(ThreadPoolExecutor.java:1149)
	at java.util.concurrent.ThreadPoolExecutor$Worker.run(ThreadPoolExecutor.java:624)
	at java.lang.Thread.run(Thread.java:748)
Caused by: javax.naming.NamingException: java:comp namespace cannot be modified
	at com.sun.enterprise.naming.impl.JavaURLContext.unbind(JavaURLContext.java:273)
	at com.sun.enterprise.naming.impl.SerialContext.unbind(SerialContext.java:681)
	at javax.naming.InitialContext.unbind(InitialContext.java:441)
	at javax.naming.InitialContext.unbind(InitialContext.java:441)
	at com.sun.enterprise.naming.impl.GlassfishNamingManagerImpl.unpublishObject(GlassfishNamingManagerImpl.java:226)
	at org.glassfish.resourcebase.resources.naming.ResourceNamingService.unpublishObject(ResourceNamingService.java:175)
	at com.sun.enterprise.connectors.service.ConnectorResourceAdminServiceImpl.deleteConnectorResource(ConnectorResourceAdminServiceImpl.java:142)
	... 19 more

may 20, 2021 10:04:36 AM org.glassfish.resourcebase.resources.listener.ResourceManager undeployResources
ADVERTENCIA: Unable to undeploy resource [java:jboss/datasources/sii] due to following exception: [com.sun.appserv.connectors.internal.api.ConnectorRuntimeException: Failed to delete connector resource from jndi].
may 20, 2021 10:04:36 AM com.sun.enterprise.v3.server.AppServerStartup stop
INFORMACIÓN: Shutdown procedure finished
</system-err>
  </testcase>
  <testcase classname="NeuBDProyectoSIIEjbTest.TestAsigMatri" name="testModificarAsigMatriMAL" time="0">
    <skipped/>
  </testcase>
  <testcase classname="NeuBDProyectoSIIEjbTest.TestAsigMatri" name="testAnyadirAsignatura_matricula" time="0.001">
    <skipped/>
  </testcase>
  <testcase classname="NeuBDProyectoSIIEjbTest.TestAsigMatri" name="testModificarAsigMatri" time="0.001">
    <skipped/>
  </testcase>
  <testcase classname="NeuBDProyectoSIIEjbTest.TestAsigMatri" name="testVisualizarAsigMatri" time="0.001">
    <skipped/>
  </testcase>
  <testcase classname="NeuBDProyectoSIIEjbTest.TestAsigMatri" name="testAnyadirAsignatura_matriculaMAL" time="0.001">
    <skipped/>
  </testcase>
</testsuite>